mode: set
foxcode.io/internal/handlers/handlers.go:34.87,39.2 1 0
foxcode.io/internal/handlers/handlers.go:40.72,45.2 1 1
foxcode.io/internal/handlers/handlers.go:52.52,54.2 1 1
foxcode.io/internal/handlers/handlers.go:59.74,95.2 5 1
foxcode.io/internal/handlers/handlers.go:98.75,107.2 1 1
foxcode.io/internal/handlers/handlers.go:109.77,112.2 1 1
foxcode.io/internal/handlers/handlers.go:114.77,117.2 1 1
foxcode.io/internal/handlers/handlers.go:119.76,122.2 1 1
foxcode.io/internal/handlers/handlers.go:124.76,127.2 1 1
foxcode.io/internal/handlers/handlers.go:129.81,132.2 1 1
foxcode.io/internal/handlers/handlers.go:134.85,138.16 2 1
foxcode.io/internal/handlers/handlers.go:138.16,143.3 3 1
foxcode.io/internal/handlers/handlers.go:145.2,151.16 5 1
foxcode.io/internal/handlers/handlers.go:151.16,157.3 4 1
foxcode.io/internal/handlers/handlers.go:159.2,160.16 2 1
foxcode.io/internal/handlers/handlers.go:160.16,166.3 4 1
foxcode.io/internal/handlers/handlers.go:168.2,169.16 2 1
foxcode.io/internal/handlers/handlers.go:169.16,175.3 4 1
foxcode.io/internal/handlers/handlers.go:177.2,177.21 1 1
foxcode.io/internal/handlers/handlers.go:177.21,181.3 3 1
foxcode.io/internal/handlers/handlers.go:183.2,195.4 5 1
foxcode.io/internal/handlers/handlers.go:212.85,216.16 2 1
foxcode.io/internal/handlers/handlers.go:216.16,226.3 5 1
foxcode.io/internal/handlers/handlers.go:229.2,243.16 10 1
foxcode.io/internal/handlers/handlers.go:243.16,253.3 5 1
foxcode.io/internal/handlers/handlers.go:255.2,266.17 4 1
foxcode.io/internal/handlers/handlers.go:269.85,273.9 2 1
foxcode.io/internal/handlers/handlers.go:273.9,278.3 3 1
foxcode.io/internal/handlers/handlers.go:280.2,282.16 2 1
foxcode.io/internal/handlers/handlers.go:282.16,287.3 3 1
foxcode.io/internal/handlers/handlers.go:289.2,305.4 5 1
foxcode.io/internal/handlers/handlers.go:308.82,314.16 3 1
foxcode.io/internal/handlers/handlers.go:314.16,319.3 3 1
foxcode.io/internal/handlers/handlers.go:323.2,333.19 5 1
foxcode.io/internal/handlers/handlers.go:333.19,345.3 4 1
foxcode.io/internal/handlers/handlers.go:349.2,384.16 11 1
foxcode.io/internal/handlers/handlers.go:384.16,390.3 3 1
foxcode.io/internal/handlers/handlers.go:392.2,404.16 3 1
foxcode.io/internal/handlers/handlers.go:404.16,410.3 3 1
foxcode.io/internal/handlers/handlers.go:412.2,413.67 2 1
foxcode.io/internal/handlers/handlers.go:418.82,422.9 2 0
foxcode.io/internal/handlers/handlers.go:422.9,430.3 4 0
foxcode.io/internal/handlers/handlers.go:432.2,450.4 6 0
foxcode.io/internal/handlers/handlers.go:454.73,457.16 2 0
foxcode.io/internal/handlers/handlers.go:457.16,459.3 1 0
foxcode.io/internal/handlers/handlers.go:461.2,463.9 2 0
foxcode.io/internal/handlers/handlers.go:463.9,468.3 3 0
foxcode.io/internal/handlers/handlers.go:470.2,474.63 4 0
foxcode.io/internal/handlers/handlers.go:477.47,479.31 2 1
foxcode.io/internal/handlers/handlers.go:479.31,481.3 1 0
foxcode.io/internal/handlers/handlers.go:483.2,484.38 2 1
foxcode.io/internal/handlers/handlers.go:484.38,488.3 3 1
foxcode.io/internal/handlers/handlers.go:492.71,517.2 12 0
