mode: set
foxcode.io/internal/handlers/handlers.go:24.68,28.2 1 1
foxcode.io/internal/handlers/handlers.go:35.52,37.2 1 1
foxcode.io/internal/handlers/handlers.go:42.74,55.2 5 1
foxcode.io/internal/handlers/handlers.go:58.75,67.2 1 1
foxcode.io/internal/handlers/handlers.go:69.77,72.2 1 1
foxcode.io/internal/handlers/handlers.go:74.77,77.2 1 1
foxcode.io/internal/handlers/handlers.go:79.76,82.2 1 1
foxcode.io/internal/handlers/handlers.go:84.76,87.2 1 1
foxcode.io/internal/handlers/handlers.go:89.81,92.2 1 1
foxcode.io/internal/handlers/handlers.go:94.85,99.2 4 1
foxcode.io/internal/handlers/handlers.go:106.85,123.16 9 1
foxcode.io/internal/handlers/handlers.go:123.16,125.3 1 0
foxcode.io/internal/handlers/handlers.go:127.2,129.17 3 1
foxcode.io/internal/handlers/handlers.go:132.85,142.2 2 1
foxcode.io/internal/handlers/handlers.go:144.82,148.16 2 1
foxcode.io/internal/handlers/handlers.go:148.16,151.3 2 0
foxcode.io/internal/handlers/handlers.go:157.2,176.19 7 1
foxcode.io/internal/handlers/handlers.go:176.19,190.3 6 0
foxcode.io/internal/handlers/handlers.go:195.82,199.9 2 0
foxcode.io/internal/handlers/handlers.go:199.9,204.3 4 0
foxcode.io/internal/handlers/handlers.go:206.2,215.4 3 0
